=========================================================
This go model generated with the command:
"go_builder.py -k sh3 --gmx tmp/sh3_hadded.pdb"
Building go model from PDB file tmp/sh3_hadded.pdb
Target folding temperatures =  350.000  K
Key for naming output files = sh3
Number of NC-linked repeats = 1
Non-go weighting ('gamma') =    0.000
Default non-go contact distance =    5.500
Scaling side-chain contacts by    1.000
Scaling backbone contacts by    1.000
Writing GROMACS files
Will build model from single structure
Base for output file names = go_sh3/go_sh3
=========================================================
Chains in structure file:
	A
A
num of nc(before) : 72
num of hb(before) : 66
0.0730211734772
0.0730240345001
0.0738070011139
0.0738101005554
0.0818681716919
got here 00
0.0818722248077
0.0830430984497
0.0897660255432
0.0897722244263
1 26 0.594336487185 0.0473693775717 0.185678682072 0.33068915996 1.87570963507
1 27 0.532768279837 0.0216232054935 0.105480579942 0.290942091269 3.18065384218
1 28 0.787923524208 1.39610397934 3.11371446248 1.79527094526 1.87570963507
1 54 0.728763240017 0.465238140637 1.21291829885 0.955593533744 1.5947568011
1 55 0.702910364129 0.354738498874 0.994117188689 0.904951453193 1.87570963507
2 24 0.652479501594 0.482770181149 1.57013084612 1.9251112965 6.23727104428
2 25 0.553564549082 0.0302844336292 0.1368396862 0.323837007295 2.8135644526
2 26 0.461709140044 0.00469112173832 0.0304697514951 0.148998710736 3.84513584264
2 27 0.553675220684 0.020238112731 0.0914090064808 0.216150440616 1.87570963507
2 54 0.612594637587 0.0681062944542 0.251287000751 0.396519678769 1.87570963507
2 55 0.554587080628 0.0718571150781 0.323488937449 0.759920090872 6.52964312448
3 24 0.57378189236 0.0465760101221 0.195883456256 0.401603871301 2.8135644526
3 25 0.521724764603 0.030355524228 0.154413044764 0.463132934388 5.74112448394
3 26 0.633418479364 0.152576965302 0.526546423004 0.726877516596 2.8135644526
3 27 0.638688601746 0.343882680988 1.16724258955 1.55880557012 5.74112448394
3 36 1.03036142203 85.4220810775 111.408960175 21.9659124242 4.58935568315
3 38 0.865950137133 11.3036580696 20.8719196387 8.24856381893 4.89058752336
3 52 0.599186999191 0.136161074077 0.525118547305 0.905305830212 4.89058752336
3 53 0.508684676396 0.00548976920656 0.0293755447667 0.0974942033544 1.4067822263
3 54 0.429315653104 0.00112430809627 0.00844619383644 0.0552511900499 2.20608024151
3 55 0.5364547418 0.0138517939552 0.0666452188963 0.178823310766 1.87570963507
4 23 0.581002530115 0.0270586738905 0.11098891711 0.216448711982 1.4067822263
4 24 0.471981366158 0.00990914550063 0.061590772633 0.275806010544 6.23727104428
4 25 0.620476993933 0.119099083867 0.428337607838 0.642200973772 2.8135644526
4 52 0.551763074154 0.0145613559062 0.0662255699215 0.158782508937 1.4067822263
4 53 0.504610037554 0.0199388835898 0.108422201256 0.371605528129 5.6271289052
4 54 0.647847404872 0.0999638343244 0.329781745239 0.416028616472 1.4067822263
4 55 0.696661625181 1.10941864621 3.16505190456 2.98593788084 6.52964312448
5 19 0.704341749437 0.676492073633 1.88810004151 1.70482090117 3.4907454424
5 22 0.505508100825 0.0254611294258 0.137959171672 0.469489177971 7.0339111315
5 23 0.506128126071 0.00553273536 0.0299052960508 0.101273006621 1.50615920103
5 24 0.635295750025 0.0790463143676 0.271180762775 0.369949601735 1.4067822263
5 25 0.721511261173 1.12554838308 2.99369183964 2.45483396969 4.35014216299
5 53 0.657770970779 0.119968343066 0.383925012884 0.455758819814 1.4067822263
6 23 0.810530369573 1.47028568406 3.0987910821 1.59552133478 1.4067822263
6 51 0.526183855701 0.0411898734089 0.205989257437 0.597148000288 7.0339111315
6 53 0.672667830359 0.333121844843 1.01936788895 1.10640925774 2.98573912205
7 50 0.93854034543 8.54290513378 13.4285414291 3.8459580546 1.4067822263
7 51 0.583945511157 0.0755038777838 0.306587017896 0.585938385525 3.69451992254
7 52 0.763943152335 0.722607947826 1.71439069924 1.11854411836 1.4067822263
8 19 0.571915500752 0.0447901617148 0.189604241453 0.393829337231 2.8135644526
8 20 0.420807901542 0.000596597218052 0.00466490286094 0.0330593680043 1.48843968102
8 21 0.46927182954 0.00220682757844 0.0138754982496 0.0635825785228 1.48843968102
8 51 0.824826339298 1.81351217518 3.69083462843 1.77199294849 1.4067822263
9 12 0.89522909917 7.93503675153 13.7091243137 4.74307988575 2.30353760158
9 16 0.947947218995 16.9191832864 26.0699521684 7.17449097015 2.4718730417
9 18 0.53422994113 0.0197669159463 0.0958984569417 0.26162919631 2.8135644526
9 19 0.515153656689 0.0197555099719 0.103072740706 0.325225179988 4.35014216299
9 20 0.62866358253 0.139386225508 0.488328874382 0.694746997024 2.8135644526
9 35 1.23578804412 680.893357813 617.334107062 58.8209184227 4.12864816284
9 47 0.734770453951 1.31773323378 3.37950647639 2.57652304626 4.09320912281
9 48 0.844070399907 4.80507355511 9.33838665284 4.08831787484 2.82626344194
9 51 0.809199369748 3.78588829126 8.00545234083 4.14907436818 3.69451992254
10 18 0.445666714036 0.00134351121336 0.00936591152552 0.0527590227239 1.68335440116
10 19 0.652619245809 0.218332679648 0.709787168194 0.869513084822 2.8135644526
11 16 0.508229918442 0.00311264385644 0.0166854579221 0.0555756699094 0.806238160554
11 18 0.477600052345 0.00282284444756 0.0171351286098 0.0731842104463 1.54159824106
11 43 1.16022083243 155.553245881 160.002552962 19.6223836035 2.01116552138
12 16 0.643494498811 0.288904728695 0.96603781304 1.25199403085 4.40832125369
13 16 0.535004523345 0.00937381703421 0.0453451368947 0.122995263704 1.3112444809
13 17 0.828155649621 3.80665788972 7.68509185614 3.6306858554 2.8135644526
14 46 0.920491091755 6.76714221648 11.0584759208 3.42298032858 1.4067822263
15 45 0.543171252921 0.0120617840742 0.0566066101613 0.144513202817 1.4067822263
15 46 0.608733447414 0.118679132628 0.443454622386 0.717675320513 3.52618448242
15 47 0.904874803495 5.51102230629 9.31932228623 3.08899948537 1.4067822263
16 35 0.928269820688 14.0970185956 22.6520735489 6.77951341716 2.64906824182
16 46 0.438826856516 0.000932585397937 0.00670550307887 0.0401833423172 1.4067822263
17 38 0.811044468571 5.15039322713 10.8412711746 5.56786923553 4.89058752336
17 40 0.749594490375 2.00087987955 4.93057305862 3.47039845634 4.89058752336
17 43 0.701300071296 0.50043800284 1.40887242466 1.29432584419 2.71994632187
17 46 0.576020772195 0.0976085714493 0.407324768571 0.822196692767 5.6271289052
17 47 0.633185683666 0.264044685453 0.911894108099 1.26068779483 4.89058752336
19 23 0.665043051238 0.495339381702 1.55071679454 1.76165530672 5.09052277416
19 25 0.861186553541 12.2854260437 22.9363810093 9.26666407629 5.6791061639
19 40 0.681201306517 0.611762158405 1.82541164926 1.88385041414 4.71339232324
19 47 0.814544946581 5.22706121814 10.9082889118 5.50660473012 4.71339232324
19 51 0.989218656314 49.6540163786 70.2585106209 16.3048659168 4.35014216299
19 52 1.00675902281 66.4329149641 90.7530857523 19.6311962534 4.71339232324
20 23 0.557646707154 0.0174978341905 0.0779103518156 0.179038356839 1.48843968102
20 24 0.91747227751 13.0111482588 21.4022226393 6.71234951216 2.8135644526
23 40 0.783088922154 1.51897265261 3.42970642548 2.0267496747 2.19722048151
24 55 0.923209017504 31.0841090055 50.4972235626 15.4473801827 6.23727104428
25 38 0.621972547626 0.250146777683 0.895326899549 1.32948748479 5.74112448394
25 39 0.575106303217 0.0478826029412 0.200452117692 0.407197989315 2.8135644526
25 40 0.538753134562 0.0446290904339 0.212896032764 0.561559546851 5.74112448394
25 52 0.885559331722 17.3601023916 30.6511029948 11.0754897171 5.74112448394
26 38 0.547211449076 0.0263670974968 0.121921733004 0.302167611633 2.8135644526
26 39 0.515305268749 0.00702569922909 0.0366344385961 0.115456581643 1.54159824106
26 40 0.701035277286 0.51532201475 1.45187124182 1.33584508652 2.8135644526
27 30 0.714894383808 0.804551780801 2.1797133429 1.85446793219 3.47302592238
27 36 0.742214477089 1.97645410807 4.96771926778 3.63769972342 5.43989264374
27 37 0.636363151039 0.0806548538659 0.275771647826 0.37369475801 1.4067822263
27 38 0.458951903798 0.00651848130895 0.0428490527878 0.214614968697 5.74112448394
27 39 0.667001694151 0.283611256984 0.882670766943 0.99101101508 2.8135644526
27 54 0.834968586235 4.45694062603 8.8516804737 4.0469950093 2.98573912205
28 36 0.754765294645 0.625047890032 1.51921276734 1.04029952035 1.4067822263
28 37 0.520583192199 0.029867639545 0.152598326168 0.46171787427 5.79930357465
28 38 0.496419872688 0.00409600172892 0.0230139394627 0.0842135193323 1.4067822263
28 44 0.822249925509 4.44419175155 9.10152688227 4.42472588637 3.57934304246
29 36 0.592678850643 0.0687121251372 0.270846777925 0.487790614283 2.8135644526
29 37 0.504745490322 0.00881163540067 0.0478895523005 0.163960212924 2.47881318704
29 38 0.701586559164 0.520205985057 1.46332899062 1.34216040201 2.8135644526
30 36 0.494374382427 0.00734020177349 0.0415839015991 0.154699491946 2.64906824182
30 37 0.655306966238 0.229370540302 0.739566483186 0.891221321846 2.8135644526
32 35 0.560940121582 0.034316401245 0.151007278756 0.338937288225 2.71994632187
34 49 0.517984073114 0.0272914802852 0.14083916205 0.434755708703 5.6271289052
34 50 0.712991970502 1.26254214475 3.43879082222 2.95702290967 5.6271289052
35 46 0.586674671347 0.117954384 0.474513488605 0.890116176264 5.45761216375
35 47 0.560411322155 0.0175490267338 0.0773692499418 0.174312394715 1.4067822263
35 48 0.458796087603 0.00373689255858 0.024581045609 0.123284652593 3.30469048227
36 46 0.522829647208 0.00762944070011 0.038645723457 0.114933889083 1.4067822263
36 47 0.553105143711 0.0599684168678 0.271416560141 0.644455655292 5.6271289052
36 48 0.611593754056 0.0500871963975 0.185408565065 0.294486311882 1.4067822263
36 49 0.521319662012 0.0177287425455 0.0903231086011 0.271750243683 3.38442832232
36 52 0.877603293066 12.4530003463 22.3875549378 8.38689438527 4.58935568315
36 54 1.10369275163 101.226885466 115.061133158 17.231511391 2.38327544164
37 44 0.682411356881 0.15153395937 0.4505537741 0.461688582555 1.14290904078
37 45 0.501957816953 0.00467925687673 0.0257141158589 0.0900098825786 1.4067822263
37 46 0.432880133524 0.00167539203397 0.0123797048096 0.0783478631135 2.97687936204
37 47 0.652754203357 0.109437547083 0.355628164989 0.435296250846 1.4067822263
38 44 0.545220074832 0.0126192133087 0.058778399756 0.147814790527 1.4067822263
38 45 0.558402059452 0.0672348364014 0.298558529188 0.682384138467 5.6271289052
38 46 0.623046948472 0.0625776866874 0.223206640402 0.329163372847 1.4067822263
38 47 0.731872188295 1.50150684111 3.88137835967 3.00630120265 4.89058752336
39 43 0.532316606917 0.0189339141577 0.0925187009124 0.256057175881 2.8135644526
39 44 0.424182201418 0.000554987184348 0.00427078023393 0.0293146655424 1.25808592086
39 45 0.666197155503 0.139766636301 0.436040790261 0.49193022617 1.4067822263
40 43 0.506985374543 0.0210947988608 0.113635409012 0.382225309984 5.6271289052
40 44 0.627223995077 0.135603904014 0.477261077112 0.6852559984 2.8135644526
47 51 0.751729978117 1.19108473201 2.91842186851 2.03089784222 2.8135644526
47 52 0.822898377687 6.12997723164 12.5341706138 6.07432834325 4.89058752336
48 51 0.55759230626 0.0331861800631 0.147792662385 0.339760798192 2.82626344194
48 52 0.732143278327 0.867667189892 2.24124931054 1.73337822662 2.8135644526
49 52 0.568431429462 0.0832467350063 0.35673046218 0.759303412603 5.6271289052
Time of q-list 0.109248161316
