/Users/aleixlafita/anaconda2/lib/python2.7/site-packages/Bio/PDB/Atom.py:98: PDBConstructionWarning: Used element 'N' for Atom (name=N) with given element ''
  warnings.warn(msg, PDBConstructionWarning)
/Users/aleixlafita/anaconda2/lib/python2.7/site-packages/Bio/PDB/Atom.py:98: PDBConstructionWarning: Used element 'C' for Atom (name=CA) with given element ''
  warnings.warn(msg, PDBConstructionWarning)
/Users/aleixlafita/anaconda2/lib/python2.7/site-packages/Bio/PDB/Atom.py:98: PDBConstructionWarning: Used element 'C' for Atom (name=C) with given element ''
  warnings.warn(msg, PDBConstructionWarning)
/Users/aleixlafita/anaconda2/lib/python2.7/site-packages/Bio/PDB/Atom.py:98: PDBConstructionWarning: Used element 'O' for Atom (name=O) with given element ''
  warnings.warn(msg, PDBConstructionWarning)
/Users/aleixlafita/anaconda2/lib/python2.7/site-packages/Bio/PDB/Atom.py:98: PDBConstructionWarning: Used element 'C' for Atom (name=CB) with given element ''
  warnings.warn(msg, PDBConstructionWarning)
/Users/aleixlafita/anaconda2/lib/python2.7/site-packages/Bio/PDB/Atom.py:98: PDBConstructionWarning: Used element 'C' for Atom (name=CG) with given element ''
  warnings.warn(msg, PDBConstructionWarning)
/Users/aleixlafita/anaconda2/lib/python2.7/site-packages/Bio/PDB/Atom.py:98: PDBConstructionWarning: Used element 'C' for Atom (name=CD) with given element ''
  warnings.warn(msg, PDBConstructionWarning)
/Users/aleixlafita/anaconda2/lib/python2.7/site-packages/Bio/PDB/Atom.py:98: PDBConstructionWarning: Used element 'O' for Atom (name=OE1) with given element ''
  warnings.warn(msg, PDBConstructionWarning)
/Users/aleixlafita/anaconda2/lib/python2.7/site-packages/Bio/PDB/Atom.py:98: PDBConstructionWarning: Used element 'O' for Atom (name=OE2) with given element ''
  warnings.warn(msg, PDBConstructionWarning)
/Users/aleixlafita/anaconda2/lib/python2.7/site-packages/Bio/PDB/Atom.py:98: PDBConstructionWarning: Used element 'C' for Atom (name=CD1) with given element ''
  warnings.warn(msg, PDBConstructionWarning)
/Users/aleixlafita/anaconda2/lib/python2.7/site-packages/Bio/PDB/Atom.py:98: PDBConstructionWarning: Used element 'C' for Atom (name=CD2) with given element ''
  warnings.warn(msg, PDBConstructionWarning)
/Users/aleixlafita/anaconda2/lib/python2.7/site-packages/Bio/PDB/Atom.py:98: PDBConstructionWarning: Used element 'C' for Atom (name=CG1) with given element ''
  warnings.warn(msg, PDBConstructionWarning)
/Users/aleixlafita/anaconda2/lib/python2.7/site-packages/Bio/PDB/Atom.py:98: PDBConstructionWarning: Used element 'C' for Atom (name=CG2) with given element ''
  warnings.warn(msg, PDBConstructionWarning)
/Users/aleixlafita/anaconda2/lib/python2.7/site-packages/Bio/PDB/Atom.py:98: PDBConstructionWarning: Used element 'C' for Atom (name=CE1) with given element ''
  warnings.warn(msg, PDBConstructionWarning)
/Users/aleixlafita/anaconda2/lib/python2.7/site-packages/Bio/PDB/Atom.py:98: PDBConstructionWarning: Used element 'C' for Atom (name=CE2) with given element ''
  warnings.warn(msg, PDBConstructionWarning)
/Users/aleixlafita/anaconda2/lib/python2.7/site-packages/Bio/PDB/Atom.py:98: PDBConstructionWarning: Used element 'C' for Atom (name=CZ) with given element ''
  warnings.warn(msg, PDBConstructionWarning)
/Users/aleixlafita/anaconda2/lib/python2.7/site-packages/Bio/PDB/Atom.py:98: PDBConstructionWarning: Used element 'O' for Atom (name=OH) with given element ''
  warnings.warn(msg, PDBConstructionWarning)
/Users/aleixlafita/anaconda2/lib/python2.7/site-packages/Bio/PDB/Atom.py:98: PDBConstructionWarning: Used element 'O' for Atom (name=OD1) with given element ''
  warnings.warn(msg, PDBConstructionWarning)
/Users/aleixlafita/anaconda2/lib/python2.7/site-packages/Bio/PDB/Atom.py:98: PDBConstructionWarning: Used element 'O' for Atom (name=OD2) with given element ''
  warnings.warn(msg, PDBConstructionWarning)
/Users/aleixlafita/anaconda2/lib/python2.7/site-packages/Bio/PDB/Atom.py:98: PDBConstructionWarning: Used element 'N' for Atom (name=NE2) with given element ''
  warnings.warn(msg, PDBConstructionWarning)
/Users/aleixlafita/anaconda2/lib/python2.7/site-packages/Bio/PDB/Atom.py:98: PDBConstructionWarning: Used element 'C' for Atom (name=CE) with given element ''
  warnings.warn(msg, PDBConstructionWarning)
/Users/aleixlafita/anaconda2/lib/python2.7/site-packages/Bio/PDB/Atom.py:98: PDBConstructionWarning: Used element 'N' for Atom (name=NZ) with given element ''
  warnings.warn(msg, PDBConstructionWarning)
/Users/aleixlafita/anaconda2/lib/python2.7/site-packages/Bio/PDB/Atom.py:98: PDBConstructionWarning: Used element 'O' for Atom (name=OG) with given element ''
  warnings.warn(msg, PDBConstructionWarning)
/Users/aleixlafita/anaconda2/lib/python2.7/site-packages/Bio/PDB/Atom.py:98: PDBConstructionWarning: Used element 'N' for Atom (name=NE) with given element ''
  warnings.warn(msg, PDBConstructionWarning)
/Users/aleixlafita/anaconda2/lib/python2.7/site-packages/Bio/PDB/Atom.py:98: PDBConstructionWarning: Used element 'N' for Atom (name=NH1) with given element ''
  warnings.warn(msg, PDBConstructionWarning)
/Users/aleixlafita/anaconda2/lib/python2.7/site-packages/Bio/PDB/Atom.py:98: PDBConstructionWarning: Used element 'N' for Atom (name=NH2) with given element ''
  warnings.warn(msg, PDBConstructionWarning)
/Users/aleixlafita/anaconda2/lib/python2.7/site-packages/Bio/PDB/Atom.py:98: PDBConstructionWarning: Used element 'O' for Atom (name=OG1) with given element ''
  warnings.warn(msg, PDBConstructionWarning)
/Users/aleixlafita/anaconda2/lib/python2.7/site-packages/Bio/PDB/Atom.py:98: PDBConstructionWarning: Used element 'S' for Atom (name=SD) with given element ''
  warnings.warn(msg, PDBConstructionWarning)
/Users/aleixlafita/anaconda2/lib/python2.7/site-packages/Bio/PDB/Atom.py:98: PDBConstructionWarning: Used element 'N' for Atom (name=ND2) with given element ''
  warnings.warn(msg, PDBConstructionWarning)
/Users/aleixlafita/anaconda2/lib/python2.7/site-packages/Bio/PDB/Atom.py:98: PDBConstructionWarning: Used element 'N' for Atom (name=NE1) with given element ''
  warnings.warn(msg, PDBConstructionWarning)
/Users/aleixlafita/anaconda2/lib/python2.7/site-packages/Bio/PDB/Atom.py:98: PDBConstructionWarning: Used element 'C' for Atom (name=CE3) with given element ''
  warnings.warn(msg, PDBConstructionWarning)
/Users/aleixlafita/anaconda2/lib/python2.7/site-packages/Bio/PDB/Atom.py:98: PDBConstructionWarning: Used element 'C' for Atom (name=CZ2) with given element ''
  warnings.warn(msg, PDBConstructionWarning)
/Users/aleixlafita/anaconda2/lib/python2.7/site-packages/Bio/PDB/Atom.py:98: PDBConstructionWarning: Used element 'C' for Atom (name=CZ3) with given element ''
  warnings.warn(msg, PDBConstructionWarning)
/Users/aleixlafita/anaconda2/lib/python2.7/site-packages/Bio/PDB/Atom.py:98: PDBConstructionWarning: Used element 'C' for Atom (name=CH2) with given element ''
  warnings.warn(msg, PDBConstructionWarning)
